2026-03-05 00:38:08.397 +02:00 [INF] Executed DbCommand (247ms) [Parameters=[], CommandType='"Text"', CommandTimeout='30']
SELECT 1
2026-03-05 00:38:08.488 +02:00 [INF] Acquiring an exclusive lock for migration application. See https://aka.ms/efcore-docs-migrations-lock for more information if this takes too long.
2026-03-05 00:38:08.733 +02:00 [INF] Executed DbCommand (239ms) [Parameters=[], CommandType='"Text"', CommandTimeout='30']
DECLARE @result int;
EXEC @result = sp_getapplock @Resource = '__EFMigrationsLock', @LockOwner = 'Session', @LockMode = 'Exclusive';
SELECT @result
2026-03-05 00:38:09.366 +02:00 [INF] Executed DbCommand (260ms) [Parameters=[], CommandType='"Text"', CommandTimeout='30']
IF OBJECT_ID(N'[__EFMigrationsHistory]') IS NULL
BEGIN
    CREATE TABLE [__EFMigrationsHistory] (
        [MigrationId] nvarchar(150) NOT NULL,
        [ProductVersion] nvarchar(32) NOT NULL,
        CONSTRAINT [PK___EFMigrationsHistory] PRIMARY KEY ([MigrationId])
    );
END;
2026-03-05 00:38:10.095 +02:00 [INF] Executed DbCommand (258ms) [Parameters=[], CommandType='"Text"', CommandTimeout='30']
SELECT 1
2026-03-05 00:38:10.347 +02:00 [INF] Executed DbCommand (244ms) [Parameters=[], CommandType='"Text"', CommandTimeout='30']
SELECT OBJECT_ID(N'[__EFMigrationsHistory]');
2026-03-05 00:38:10.616 +02:00 [INF] Executed DbCommand (264ms) [Parameters=[], CommandType='"Text"', CommandTimeout='30']
SELECT [MigrationId], [ProductVersion]
FROM [__EFMigrationsHistory]
ORDER BY [MigrationId];
2026-03-05 00:38:10.646 +02:00 [INF] Applying migration '20260304223752_addedgoogleAuthentication'.
2026-03-05 00:38:10.962 +02:00 [INF] Executed DbCommand (266ms) [Parameters=[], CommandType='"Text"', CommandTimeout='30']
DECLARE @var nvarchar(max);
SELECT @var = QUOTENAME([d].[name])
FROM [sys].[default_constraints] [d]
INNER JOIN [sys].[columns] [c] ON [d].[parent_column_id] = [c].[column_id] AND [d].[parent_object_id] = [c].[object_id]
WHERE ([d].[parent_object_id] = OBJECT_ID(N'[Users]') AND [c].[name] = N'PasswordHash');
IF @var IS NOT NULL EXEC(N'ALTER TABLE [Users] DROP CONSTRAINT ' + @var + ';');
ALTER TABLE [Users] ALTER COLUMN [PasswordHash] nvarchar(max) NULL;
2026-03-05 00:38:11.203 +02:00 [INF] Executed DbCommand (238ms) [Parameters=[], CommandType='"Text"', CommandTimeout='30']
ALTER TABLE [Users] ADD [GoogleId] nvarchar(100) NULL;
2026-03-05 00:38:11.434 +02:00 [INF] Executed DbCommand (228ms) [Parameters=[], CommandType='"Text"', CommandTimeout='30']
INSERT INTO [__EFMigrationsHistory] ([MigrationId], [ProductVersion])
VALUES (N'20260304223752_addedgoogleAuthentication', N'10.0.3');
2026-03-05 00:38:11.936 +02:00 [INF] Executed DbCommand (250ms) [Parameters=[], CommandType='"Text"', CommandTimeout='30']
DECLARE @result int;
EXEC @result = sp_releaseapplock @Resource = '__EFMigrationsLock', @LockOwner = 'Session';
SELECT @result
