2026-03-03 01:27:08.012 +02:00 [INF] Executed DbCommand (245ms) [Parameters=[], CommandType='"Text"', CommandTimeout='30']
SELECT 1
2026-03-03 01:27:08.104 +02:00 [INF] Acquiring an exclusive lock for migration application. See https://aka.ms/efcore-docs-migrations-lock for more information if this takes too long.
2026-03-03 01:27:08.369 +02:00 [INF] Executed DbCommand (248ms) [Parameters=[], CommandType='"Text"', CommandTimeout='30']
DECLARE @result int;
EXEC @result = sp_getapplock @Resource = '__EFMigrationsLock', @LockOwner = 'Session', @LockMode = 'Exclusive';
SELECT @result
2026-03-03 01:27:08.956 +02:00 [INF] Executed DbCommand (233ms) [Parameters=[], CommandType='"Text"', CommandTimeout='30']
IF OBJECT_ID(N'[__EFMigrationsHistory]') IS NULL
BEGIN
    CREATE TABLE [__EFMigrationsHistory] (
        [MigrationId] nvarchar(150) NOT NULL,
        [ProductVersion] nvarchar(32) NOT NULL,
        CONSTRAINT [PK___EFMigrationsHistory] PRIMARY KEY ([MigrationId])
    );
END;
2026-03-03 01:27:09.909 +02:00 [INF] Executed DbCommand (320ms) [Parameters=[], CommandType='"Text"', CommandTimeout='30']
SELECT 1
2026-03-03 01:27:10.178 +02:00 [INF] Executed DbCommand (266ms) [Parameters=[], CommandType='"Text"', CommandTimeout='30']
SELECT OBJECT_ID(N'[__EFMigrationsHistory]');
2026-03-03 01:27:10.407 +02:00 [INF] Executed DbCommand (220ms) [Parameters=[], CommandType='"Text"', CommandTimeout='30']
SELECT [MigrationId], [ProductVersion]
FROM [__EFMigrationsHistory]
ORDER BY [MigrationId];
2026-03-03 01:27:10.422 +02:00 [INF] No migrations were applied. The database is already up to date.
2026-03-03 01:27:11.221 +02:00 [INF] Executed DbCommand (585ms) [Parameters=[], CommandType='"Text"', CommandTimeout='30']
DECLARE @result int;
EXEC @result = sp_releaseapplock @Resource = '__EFMigrationsLock', @LockOwner = 'Session';
SELECT @result
