2026-03-04 00:49:58.125 +02:00 [INF] Executed DbCommand (256ms) [Parameters=[], CommandType='"Text"', CommandTimeout='30']
SELECT 1
2026-03-04 00:49:58.219 +02:00 [INF] Acquiring an exclusive lock for migration application. See https://aka.ms/efcore-docs-migrations-lock for more information if this takes too long.
2026-03-04 00:49:58.461 +02:00 [INF] Executed DbCommand (237ms) [Parameters=[], CommandType='"Text"', CommandTimeout='30']
DECLARE @result int;
EXEC @result = sp_getapplock @Resource = '__EFMigrationsLock', @LockOwner = 'Session', @LockMode = 'Exclusive';
SELECT @result
2026-03-04 00:49:58.974 +02:00 [INF] Executed DbCommand (213ms) [Parameters=[], CommandType='"Text"', CommandTimeout='30']
IF OBJECT_ID(N'[__EFMigrationsHistory]') IS NULL
BEGIN
    CREATE TABLE [__EFMigrationsHistory] (
        [MigrationId] nvarchar(150) NOT NULL,
        [ProductVersion] nvarchar(32) NOT NULL,
        CONSTRAINT [PK___EFMigrationsHistory] PRIMARY KEY ([MigrationId])
    );
END;
2026-03-04 00:49:59.623 +02:00 [INF] Executed DbCommand (217ms) [Parameters=[], CommandType='"Text"', CommandTimeout='30']
SELECT 1
2026-03-04 00:49:59.840 +02:00 [INF] Executed DbCommand (212ms) [Parameters=[], CommandType='"Text"', CommandTimeout='30']
SELECT OBJECT_ID(N'[__EFMigrationsHistory]');
2026-03-04 00:50:00.068 +02:00 [INF] Executed DbCommand (220ms) [Parameters=[], CommandType='"Text"', CommandTimeout='30']
SELECT [MigrationId], [ProductVersion]
FROM [__EFMigrationsHistory]
ORDER BY [MigrationId];
2026-03-04 00:50:00.099 +02:00 [INF] Applying migration '20260303224943_V2_NewSimulationSchema'.
2026-03-04 00:50:00.368 +02:00 [INF] Executed DbCommand (218ms) [Parameters=[], CommandType='"Text"', CommandTimeout='30']
ALTER TABLE [SimulationResults] DROP CONSTRAINT [FK_SimulationResults_Profiles_ProfileId];
2026-03-04 00:50:00.983 +02:00 [INF] Executed DbCommand (610ms) [Parameters=[], CommandType='"Text"', CommandTimeout='30']
EXEC sp_rename N'[SimulationResults].[ResultJson]', N'YearlySnapshotsJson', 'COLUMN';
2026-03-04 00:50:01.198 +02:00 [INF] Executed DbCommand (211ms) [Parameters=[], CommandType='"Text"', CommandTimeout='30']
EXEC sp_rename N'[SimulationResults].[ProjectionYears]', N'UserId', 'COLUMN';
2026-03-04 00:50:01.411 +02:00 [INF] Executed DbCommand (209ms) [Parameters=[], CommandType='"Text"', CommandTimeout='30']
ALTER TABLE [Users] ADD [Avatar] nvarchar(max) NULL;
2026-03-04 00:50:01.628 +02:00 [INF] Executed DbCommand (211ms) [Parameters=[], CommandType='"Text"', CommandTimeout='30']
ALTER TABLE [Users] ADD [LastLoginAt] datetime2 NULL;
2026-03-04 00:50:01.842 +02:00 [INF] Executed DbCommand (211ms) [Parameters=[], CommandType='"Text"', CommandTimeout='30']
ALTER TABLE [Users] ADD [RefreshToken] nvarchar(max) NULL;
2026-03-04 00:50:02.097 +02:00 [INF] Executed DbCommand (248ms) [Parameters=[], CommandType='"Text"', CommandTimeout='30']
DECLARE @var nvarchar(max);
SELECT @var = QUOTENAME([d].[name])
FROM [sys].[default_constraints] [d]
INNER JOIN [sys].[columns] [c] ON [d].[parent_column_id] = [c].[column_id] AND [d].[parent_object_id] = [c].[object_id]
WHERE ([d].[parent_object_id] = OBJECT_ID(N'[SimulationResults]') AND [c].[name] = N'ProfileId');
IF @var IS NOT NULL EXEC(N'ALTER TABLE [SimulationResults] DROP CONSTRAINT ' + @var + ';');
ALTER TABLE [SimulationResults] ALTER COLUMN [ProfileId] int NULL;
2026-03-04 00:50:02.317 +02:00 [INF] Executed DbCommand (213ms) [Parameters=[], CommandType='"Text"', CommandTimeout='30']
ALTER TABLE [SimulationResults] ADD [BurnoutRisk] float NOT NULL DEFAULT 0.0E0;
2026-03-04 00:50:02.529 +02:00 [INF] Executed DbCommand (209ms) [Parameters=[], CommandType='"Text"', CommandTimeout='30']
ALTER TABLE [SimulationResults] ADD [CareerGrowthIndex] float NOT NULL DEFAULT 0.0E0;
2026-03-04 00:50:02.746 +02:00 [INF] Executed DbCommand (213ms) [Parameters=[], CommandType='"Text"', CommandTimeout='30']
ALTER TABLE [SimulationResults] ADD [CareerStagnationRisk] float NOT NULL DEFAULT 0.0E0;
2026-03-04 00:50:02.960 +02:00 [INF] Executed DbCommand (210ms) [Parameters=[], CommandType='"Text"', CommandTimeout='30']
ALTER TABLE [SimulationResults] ADD [EnergyDepletionRisk] float NOT NULL DEFAULT 0.0E0;
2026-03-04 00:50:03.175 +02:00 [INF] Executed DbCommand (213ms) [Parameters=[], CommandType='"Text"', CommandTimeout='30']
ALTER TABLE [SimulationResults] ADD [EnergyScore10Y] float NOT NULL DEFAULT 0.0E0;
2026-03-04 00:50:03.393 +02:00 [INF] Executed DbCommand (214ms) [Parameters=[], CommandType='"Text"', CommandTimeout='30']
ALTER TABLE [SimulationResults] ADD [EnergyScore1Y] float NOT NULL DEFAULT 0.0E0;
2026-03-04 00:50:03.615 +02:00 [INF] Executed DbCommand (215ms) [Parameters=[], CommandType='"Text"', CommandTimeout='30']
ALTER TABLE [SimulationResults] ADD [EnergyScore5Y] float NOT NULL DEFAULT 0.0E0;
2026-03-04 00:50:03.835 +02:00 [INF] Executed DbCommand (215ms) [Parameters=[], CommandType='"Text"', CommandTimeout='30']
ALTER TABLE [SimulationResults] ADD [FinancialCollapseRisk] float NOT NULL DEFAULT 0.0E0;
2026-03-04 00:50:04.055 +02:00 [INF] Executed DbCommand (213ms) [Parameters=[], CommandType='"Text"', CommandTimeout='30']
ALTER TABLE [SimulationResults] ADD [HealthScore10Y] float NOT NULL DEFAULT 0.0E0;
2026-03-04 00:50:04.274 +02:00 [INF] Executed DbCommand (212ms) [Parameters=[], CommandType='"Text"', CommandTimeout='30']
ALTER TABLE [SimulationResults] ADD [HealthScore1Y] float NOT NULL DEFAULT 0.0E0;
2026-03-04 00:50:04.496 +02:00 [INF] Executed DbCommand (215ms) [Parameters=[], CommandType='"Text"', CommandTimeout='30']
ALTER TABLE [SimulationResults] ADD [HealthScore5Y] float NOT NULL DEFAULT 0.0E0;
2026-03-04 00:50:04.714 +02:00 [INF] Executed DbCommand (212ms) [Parameters=[], CommandType='"Text"', CommandTimeout='30']
ALTER TABLE [SimulationResults] ADD [InputJson] nvarchar(max) NOT NULL DEFAULT N'';
2026-03-04 00:50:04.934 +02:00 [INF] Executed DbCommand (214ms) [Parameters=[], CommandType='"Text"', CommandTimeout='30']
ALTER TABLE [SimulationResults] ADD [IsolationRisk] float NOT NULL DEFAULT 0.0E0;
2026-03-04 00:50:05.155 +02:00 [INF] Executed DbCommand (214ms) [Parameters=[], CommandType='"Text"', CommandTimeout='30']
ALTER TABLE [SimulationResults] ADD [LifeStrategyScore] float NOT NULL DEFAULT 0.0E0;
2026-03-04 00:50:05.373 +02:00 [INF] Executed DbCommand (213ms) [Parameters=[], CommandType='"Text"', CommandTimeout='30']
ALTER TABLE [SimulationResults] ADD [MonthlySavings] float NOT NULL DEFAULT 0.0E0;
2026-03-04 00:50:05.592 +02:00 [INF] Executed DbCommand (213ms) [Parameters=[], CommandType='"Text"', CommandTimeout='30']
ALTER TABLE [SimulationResults] ADD [MonthlySnapshotsJson] nvarchar(max) NOT NULL DEFAULT N'';
2026-03-04 00:50:05.812 +02:00 [INF] Executed DbCommand (215ms) [Parameters=[], CommandType='"Text"', CommandTimeout='30']
ALTER TABLE [SimulationResults] ADD [Name] nvarchar(200) NOT NULL DEFAULT N'';
2026-03-04 00:50:06.025 +02:00 [INF] Executed DbCommand (210ms) [Parameters=[], CommandType='"Text"', CommandTimeout='30']
ALTER TABLE [SimulationResults] ADD [NetWorth10Y] float NOT NULL DEFAULT 0.0E0;
2026-03-04 00:50:06.245 +02:00 [INF] Executed DbCommand (214ms) [Parameters=[], CommandType='"Text"', CommandTimeout='30']
ALTER TABLE [SimulationResults] ADD [OverallRiskIndex] float NOT NULL DEFAULT 0.0E0;
2026-03-04 00:50:06.464 +02:00 [INF] Executed DbCommand (211ms) [Parameters=[], CommandType='"Text"', CommandTimeout='30']
ALTER TABLE [SimulationResults] ADD [PromotionProbability] float NOT NULL DEFAULT 0.0E0;
2026-03-04 00:50:06.686 +02:00 [INF] Executed DbCommand (220ms) [Parameters=[], CommandType='"Text"', CommandTimeout='30']
ALTER TABLE [SimulationResults] ADD [SalaryMultiplier] float NOT NULL DEFAULT 0.0E0;
2026-03-04 00:50:06.901 +02:00 [INF] Executed DbCommand (212ms) [Parameters=[], CommandType='"Text"', CommandTimeout='30']
ALTER TABLE [SimulationResults] ADD [Savings10Y] float NOT NULL DEFAULT 0.0E0;
2026-03-04 00:50:07.114 +02:00 [INF] Executed DbCommand (210ms) [Parameters=[], CommandType='"Text"', CommandTimeout='30']
ALTER TABLE [SimulationResults] ADD [Savings1Y] float NOT NULL DEFAULT 0.0E0;
2026-03-04 00:50:07.333 +02:00 [INF] Executed DbCommand (212ms) [Parameters=[], CommandType='"Text"', CommandTimeout='30']
ALTER TABLE [SimulationResults] ADD [Savings5Y] float NOT NULL DEFAULT 0.0E0;
2026-03-04 00:50:07.550 +02:00 [INF] Executed DbCommand (211ms) [Parameters=[], CommandType='"Text"', CommandTimeout='30']
ALTER TABLE [SimulationResults] ADD [SocialBalanceScore] float NOT NULL DEFAULT 0.0E0;
2026-03-04 00:50:07.762 +02:00 [INF] Executed DbCommand (210ms) [Parameters=[], CommandType='"Text"', CommandTimeout='30']
ALTER TABLE [SimulationResults] ADD [StudyHours10Y] float NOT NULL DEFAULT 0.0E0;
2026-03-04 00:50:07.983 +02:00 [INF] Executed DbCommand (215ms) [Parameters=[], CommandType='"Text"', CommandTimeout='30']
ALTER TABLE [SimulationResults] ADD [StudyHours1Y] float NOT NULL DEFAULT 0.0E0;
2026-03-04 00:50:08.200 +02:00 [INF] Executed DbCommand (213ms) [Parameters=[], CommandType='"Text"', CommandTimeout='30']
ALTER TABLE [SimulationResults] ADD [StudyHours5Y] float NOT NULL DEFAULT 0.0E0;
2026-03-04 00:50:08.417 +02:00 [INF] Executed DbCommand (213ms) [Parameters=[], CommandType='"Text"', CommandTimeout='30']
CREATE INDEX [IX_SimulationResults_UserId] ON [SimulationResults] ([UserId]);
2026-03-04 00:50:08.634 +02:00 [INF] Executed DbCommand (214ms) [Parameters=[], CommandType='"Text"', CommandTimeout='30']
ALTER TABLE [SimulationResults] ADD CONSTRAINT [FK_SimulationResults_Profiles_ProfileId] FOREIGN KEY ([ProfileId]) REFERENCES [Profiles] ([Id]);
2026-03-04 00:50:08.857 +02:00 [INF] Executed DbCommand (216ms) [Parameters=[], CommandType='"Text"', CommandTimeout='30']
ALTER TABLE [SimulationResults] ADD CONSTRAINT [FK_SimulationResults_Users_UserId] FOREIGN KEY ([UserId]) REFERENCES [Users] ([Id]) ON DELETE CASCADE;
2026-03-04 00:50:09.073 +02:00 [INF] Executed DbCommand (212ms) [Parameters=[], CommandType='"Text"', CommandTimeout='30']
INSERT INTO [__EFMigrationsHistory] ([MigrationId], [ProductVersion])
VALUES (N'20260303224943_V2_NewSimulationSchema', N'10.0.3');
2026-03-04 00:50:09.502 +02:00 [INF] Executed DbCommand (211ms) [Parameters=[], CommandType='"Text"', CommandTimeout='30']
DECLARE @result int;
EXEC @result = sp_releaseapplock @Resource = '__EFMigrationsLock', @LockOwner = 'Session';
SELECT @result
